<?xml version="1.0" encoding="UTF-8"?>
<robot generator="Robot 3.2.2 (Python 3.9.1 on win32)" generated="20210127 17:24:53.970" rpa="false">
<suite id="s1" name="Jio" source="C:\robot\jio">
<suite id="s1-s1" name="Jio" source="C:\robot\jio\jio.robot">
<test id="s1-s1-t1" name="TC1_Verify_Invalid_login">
<kw name="Open Application" library="AppiumLibrary">
<doc>Opens a new application to given Appium server.
Capabilities of appium server, Android and iOS,
Please check https://github.com/appium/appium/blob/master/docs/en/writing-running-appium/server-args.md
| *Option*            | *Man.* | *Description*     |
| remote_url          | Yes    | Appium server url |
| alias               | no     | alias             |</doc>
<arguments>
<arg>http://localhost:4723/wd/hub</arg>
<arg>platformName=android</arg>
<arg>deviceName=vivo</arg>
<arg>appPackage=com.jpl.jiomart</arg>
<arg>appActivity=com.jpl.jiomart.dashboard.activities.DashboardActivity</arg>
<arg>noReset=True</arg>
</arguments>
<status status="PASS" starttime="20210127 17:24:54.297" endtime="20210127 17:25:09.260"></status>
</kw>
<kw name="Set Appium Timeout" library="AppiumLibrary">
<doc>Sets the timeout in seconds used by various keywords.</doc>
<arguments>
<arg>30s</arg>
</arguments>
<status status="PASS" starttime="20210127 17:25:09.261" endtime="20210127 17:25:09.262"></status>
</kw>
<kw name="Wait Until Page Contains Element" library="AppiumLibrary">
<doc>Waits until element specified with `locator` appears on current page.</doc>
<arguments>
<arg>//android.view.View[@content-desc="groceries"]</arg>
</arguments>
<status status="PASS" starttime="20210127 17:25:09.262" endtime="20210127 17:25:14.179"></status>
</kw>
<kw name="Click Element" library="AppiumLibrary">
<doc>Click element identified by `locator`.</doc>
<arguments>
<arg>//android.view.View[@content-desc="groceries"]</arg>
</arguments>
<msg timestamp="20210127 17:25:14.181" level="INFO">Clicking element '//android.view.View[@content-desc="groceries"]'.</msg>
<status status="PASS" starttime="20210127 17:25:14.179" endtime="20210127 17:25:15.004"></status>
</kw>
<kw name="Wait Until Page Contains Element" library="AppiumLibrary">
<doc>Waits until element specified with `locator` appears on current page.</doc>
<arguments>
<arg>//*[@text="VIEW ALL"]</arg>
</arguments>
<status status="PASS" starttime="20210127 17:25:15.004" endtime="20210127 17:25:17.305"></status>
</kw>
<kw name="Click Element" library="AppiumLibrary">
<doc>Click element identified by `locator`.</doc>
<arguments>
<arg>//*[@text="VIEW ALL"]</arg>
</arguments>
<msg timestamp="20210127 17:25:17.307" level="INFO">Clicking element '//*[@text="VIEW ALL"]'.</msg>
<status status="PASS" starttime="20210127 17:25:17.306" endtime="20210127 17:25:19.510"></status>
</kw>
<kw name="Wait Until Page Contains Element" library="AppiumLibrary">
<doc>Waits until element specified with `locator` appears on current page.</doc>
<arguments>
<arg>//*[@text="Sort | Filter"]</arg>
</arguments>
<status status="PASS" starttime="20210127 17:25:19.510" endtime="20210127 17:25:22.251"></status>
</kw>
<kw name="Click Element" library="AppiumLibrary">
<doc>Click element identified by `locator`.</doc>
<arguments>
<arg>//*[@text="Sort | Filter"]</arg>
</arguments>
<msg timestamp="20210127 17:25:22.253" level="INFO">Clicking element '//*[@text="Sort | Filter"]'.</msg>
<status status="PASS" starttime="20210127 17:25:22.252" endtime="20210127 17:25:23.991"></status>
</kw>
<kw name="Wait Until Page Contains Element" library="AppiumLibrary">
<doc>Waits until element specified with `locator` appears on current page.</doc>
<arguments>
<arg>//*[@text="Low to High"]</arg>
</arguments>
<status status="PASS" starttime="20210127 17:25:23.991" endtime="20210127 17:25:25.740"></status>
</kw>
<kw name="Click Element" library="AppiumLibrary">
<doc>Click element identified by `locator`.</doc>
<arguments>
<arg>//*[@text="Low to High"]</arg>
</arguments>
<msg timestamp="20210127 17:25:25.742" level="INFO">Clicking element '//*[@text="Low to High"]'.</msg>
<status status="PASS" starttime="20210127 17:25:25.740" endtime="20210127 17:25:26.275"></status>
</kw>
<kw name="Wait Until Page Contains Element" library="AppiumLibrary">
<doc>Waits until element specified with `locator` appears on current page.</doc>
<arguments>
<arg>//*[@text="Done"]</arg>
</arguments>
<status status="PASS" starttime="20210127 17:25:26.276" endtime="20210127 17:25:26.595"></status>
</kw>
<kw name="Click Element" library="AppiumLibrary">
<doc>Click element identified by `locator`.</doc>
<arguments>
<arg>//*[@text="Done"]</arg>
</arguments>
<msg timestamp="20210127 17:25:26.597" level="INFO">Clicking element '//*[@text="Done"]'.</msg>
<status status="PASS" starttime="20210127 17:25:26.595" endtime="20210127 17:25:28.486"></status>
</kw>
<kw name="${i} IN RANGE [ 0 | 7 ]" type="for">
<kw name="${i} = 0" type="foritem">
<kw name="Run Keyword And Ignore Error" library="BuiltIn">
<doc>Runs the given keyword with the given arguments and ignores possible error.</doc>
<arguments>
<arg>Click Element</arg>
<arg>//*[contains(@text,"Cadbury Five Star Chocolate 19.5 g")]</arg>
</arguments>
<assign>
<var>${output}</var>
</assign>
<kw name="Click Element" library="AppiumLibrary">
<doc>Click element identified by `locator`.</doc>
<arguments>
<arg>//*[contains(@text,"Cadbury Five Star Chocolate 19.5 g")]</arg>
</arguments>
<msg timestamp="20210127 17:25:28.490" level="INFO">Clicking element '//*[contains(@text,"Cadbury Five Star Chocolate 19.5 g")]'.</msg>
<kw name="Capture Page Screenshot" library="AppiumLibrary">
<doc>Takes a screenshot of the current page and embeds it into the log.</doc>
<msg timestamp="20210127 17:25:29.875" level="INFO" html="yes">&lt;/td&gt;&lt;/tr&gt;&lt;tr&gt;&lt;td colspan="3"&gt;&lt;a href="appium-screenshot-1.png"&gt;&lt;img src="appium-screenshot-1.png" width="800px"&gt;&lt;/a&gt;</msg>
<status status="PASS" starttime="20210127 17:25:28.846" endtime="20210127 17:25:29.876"></status>
</kw>
<msg timestamp="20210127 17:25:29.881" level="FAIL">ValueError: Element locator '//*[contains(@text,"Cadbury Five Star Chocolate 19.5 g")]' did not match any elements.</msg>
<status status="FAIL" starttime="20210127 17:25:28.488" endtime="20210127 17:25:29.881"></status>
</kw>
<msg timestamp="20210127 17:25:29.882" level="INFO">${output} = ('FAIL', 'ValueError: Element locator \'//*[contains(@text,"Cadbury Five Star Chocolate 19.5 g")]\' did not match any elements.')</msg>
<status status="PASS" starttime="20210127 17:25:28.488" endtime="20210127 17:25:29.882"></status>
</kw>
<kw name="Swipe By Percent" library="AppiumLibrary">
<doc>Swipe from one percent of the screen to another percent, for an optional duration.
Normal swipe fails to scale for different screen resolutions, this can be avoided using percent.</doc>
<arguments>
<arg>50</arg>
<arg>75</arg>
<arg>50</arg>
<arg>25</arg>
<arg>1000</arg>
</arguments>
<status status="PASS" starttime="20210127 17:25:29.882" endtime="20210127 17:25:31.316"></status>
</kw>
<kw name="Exit For Loop If" library="BuiltIn">
<doc>Stops executing the enclosing for loop if the ``condition`` is true.</doc>
<arguments>
<arg>' ${output}[0]'=='PASS'</arg>
</arguments>
<status status="PASS" starttime="20210127 17:25:31.317" endtime="20210127 17:25:31.318"></status>
</kw>
<status status="PASS" starttime="20210127 17:25:28.488" endtime="20210127 17:25:31.318"></status>
</kw>
<kw name="${i} = 1" type="foritem">
<kw name="Run Keyword And Ignore Error" library="BuiltIn">
<doc>Runs the given keyword with the given arguments and ignores possible error.</doc>
<arguments>
<arg>Click Element</arg>
<arg>//*[contains(@text,"Cadbury Five Star Chocolate 19.5 g")]</arg>
</arguments>
<assign>
<var>${output}</var>
</assign>
<kw name="Click Element" library="AppiumLibrary">
<doc>Click element identified by `locator`.</doc>
<arguments>
<arg>//*[contains(@text,"Cadbury Five Star Chocolate 19.5 g")]</arg>
</arguments>
<msg timestamp="20210127 17:25:31.321" level="INFO">Clicking element '//*[contains(@text,"Cadbury Five Star Chocolate 19.5 g")]'.</msg>
<kw name="Capture Page Screenshot" library="AppiumLibrary">
<doc>Takes a screenshot of the current page and embeds it into the log.</doc>
<msg timestamp="20210127 17:25:32.947" level="INFO" html="yes">&lt;/td&gt;&lt;/tr&gt;&lt;tr&gt;&lt;td colspan="3"&gt;&lt;a href="appium-screenshot-2.png"&gt;&lt;img src="appium-screenshot-2.png" width="800px"&gt;&lt;/a&gt;</msg>
<status status="PASS" starttime="20210127 17:25:31.804" endtime="20210127 17:25:32.948"></status>
</kw>
<msg timestamp="20210127 17:25:32.949" level="FAIL">ValueError: Element locator '//*[contains(@text,"Cadbury Five Star Chocolate 19.5 g")]' did not match any elements.</msg>
<status status="FAIL" starttime="20210127 17:25:31.320" endtime="20210127 17:25:32.949"></status>
</kw>
<msg timestamp="20210127 17:25:32.950" level="INFO">${output} = ('FAIL', 'ValueError: Element locator \'//*[contains(@text,"Cadbury Five Star Chocolate 19.5 g")]\' did not match any elements.')</msg>
<status status="PASS" starttime="20210127 17:25:31.319" endtime="20210127 17:25:32.950"></status>
</kw>
<kw name="Swipe By Percent" library="AppiumLibrary">
<doc>Swipe from one percent of the screen to another percent, for an optional duration.
Normal swipe fails to scale for different screen resolutions, this can be avoided using percent.</doc>
<arguments>
<arg>50</arg>
<arg>75</arg>
<arg>50</arg>
<arg>25</arg>
<arg>1000</arg>
</arguments>
<status status="PASS" starttime="20210127 17:25:32.950" endtime="20210127 17:25:34.321"></status>
</kw>
<kw name="Exit For Loop If" library="BuiltIn">
<doc>Stops executing the enclosing for loop if the ``condition`` is true.</doc>
<arguments>
<arg>' ${output}[0]'=='PASS'</arg>
</arguments>
<status status="PASS" starttime="20210127 17:25:34.322" endtime="20210127 17:25:34.323"></status>
</kw>
<status status="PASS" starttime="20210127 17:25:31.319" endtime="20210127 17:25:34.323"></status>
</kw>
<kw name="${i} = 2" type="foritem">
<kw name="Run Keyword And Ignore Error" library="BuiltIn">
<doc>Runs the given keyword with the given arguments and ignores possible error.</doc>
<arguments>
<arg>Click Element</arg>
<arg>//*[contains(@text,"Cadbury Five Star Chocolate 19.5 g")]</arg>
</arguments>
<assign>
<var>${output}</var>
</assign>
<kw name="Click Element" library="AppiumLibrary">
<doc>Click element identified by `locator`.</doc>
<arguments>
<arg>//*[contains(@text,"Cadbury Five Star Chocolate 19.5 g")]</arg>
</arguments>
<msg timestamp="20210127 17:25:34.326" level="INFO">Clicking element '//*[contains(@text,"Cadbury Five Star Chocolate 19.5 g")]'.</msg>
<kw name="Capture Page Screenshot" library="AppiumLibrary">
<doc>Takes a screenshot of the current page and embeds it into the log.</doc>
<msg timestamp="20210127 17:25:35.901" level="INFO" html="yes">&lt;/td&gt;&lt;/tr&gt;&lt;tr&gt;&lt;td colspan="3"&gt;&lt;a href="appium-screenshot-3.png"&gt;&lt;img src="appium-screenshot-3.png" width="800px"&gt;&lt;/a&gt;</msg>
<status status="PASS" starttime="20210127 17:25:34.817" endtime="20210127 17:25:35.902"></status>
</kw>
<msg timestamp="20210127 17:25:35.903" level="FAIL">ValueError: Element locator '//*[contains(@text,"Cadbury Five Star Chocolate 19.5 g")]' did not match any elements.</msg>
<status status="FAIL" starttime="20210127 17:25:34.324" endtime="20210127 17:25:35.903"></status>
</kw>
<msg timestamp="20210127 17:25:35.903" level="INFO">${output} = ('FAIL', 'ValueError: Element locator \'//*[contains(@text,"Cadbury Five Star Chocolate 19.5 g")]\' did not match any elements.')</msg>
<status status="PASS" starttime="20210127 17:25:34.324" endtime="20210127 17:25:35.904"></status>
</kw>
<kw name="Swipe By Percent" library="AppiumLibrary">
<doc>Swipe from one percent of the screen to another percent, for an optional duration.
Normal swipe fails to scale for different screen resolutions, this can be avoided using percent.</doc>
<arguments>
<arg>50</arg>
<arg>75</arg>
<arg>50</arg>
<arg>25</arg>
<arg>1000</arg>
</arguments>
<status status="PASS" starttime="20210127 17:25:35.904" endtime="20210127 17:25:37.374"></status>
</kw>
<kw name="Exit For Loop If" library="BuiltIn">
<doc>Stops executing the enclosing for loop if the ``condition`` is true.</doc>
<arguments>
<arg>' ${output}[0]'=='PASS'</arg>
</arguments>
<status status="PASS" starttime="20210127 17:25:37.375" endtime="20210127 17:25:37.376"></status>
</kw>
<status status="PASS" starttime="20210127 17:25:34.324" endtime="20210127 17:25:37.376"></status>
</kw>
<kw name="${i} = 3" type="foritem">
<kw name="Run Keyword And Ignore Error" library="BuiltIn">
<doc>Runs the given keyword with the given arguments and ignores possible error.</doc>
<arguments>
<arg>Click Element</arg>
<arg>//*[contains(@text,"Cadbury Five Star Chocolate 19.5 g")]</arg>
</arguments>
<assign>
<var>${output}</var>
</assign>
<kw name="Click Element" library="AppiumLibrary">
<doc>Click element identified by `locator`.</doc>
<arguments>
<arg>//*[contains(@text,"Cadbury Five Star Chocolate 19.5 g")]</arg>
</arguments>
<msg timestamp="20210127 17:25:37.378" level="INFO">Clicking element '//*[contains(@text,"Cadbury Five Star Chocolate 19.5 g")]'.</msg>
<kw name="Capture Page Screenshot" library="AppiumLibrary">
<doc>Takes a screenshot of the current page and embeds it into the log.</doc>
<msg timestamp="20210127 17:25:38.889" level="INFO" html="yes">&lt;/td&gt;&lt;/tr&gt;&lt;tr&gt;&lt;td colspan="3"&gt;&lt;a href="appium-screenshot-4.png"&gt;&lt;img src="appium-screenshot-4.png" width="800px"&gt;&lt;/a&gt;</msg>
<status status="PASS" starttime="20210127 17:25:37.855" endtime="20210127 17:25:38.890"></status>
</kw>
<msg timestamp="20210127 17:25:38.891" level="FAIL">ValueError: Element locator '//*[contains(@text,"Cadbury Five Star Chocolate 19.5 g")]' did not match any elements.</msg>
<status status="FAIL" starttime="20210127 17:25:37.377" endtime="20210127 17:25:38.891"></status>
</kw>
<msg timestamp="20210127 17:25:38.892" level="INFO">${output} = ('FAIL', 'ValueError: Element locator \'//*[contains(@text,"Cadbury Five Star Chocolate 19.5 g")]\' did not match any elements.')</msg>
<status status="PASS" starttime="20210127 17:25:37.376" endtime="20210127 17:25:38.892"></status>
</kw>
<kw name="Swipe By Percent" library="AppiumLibrary">
<doc>Swipe from one percent of the screen to another percent, for an optional duration.
Normal swipe fails to scale for different screen resolutions, this can be avoided using percent.</doc>
<arguments>
<arg>50</arg>
<arg>75</arg>
<arg>50</arg>
<arg>25</arg>
<arg>1000</arg>
</arguments>
<status status="PASS" starttime="20210127 17:25:38.893" endtime="20210127 17:25:40.258"></status>
</kw>
<kw name="Exit For Loop If" library="BuiltIn">
<doc>Stops executing the enclosing for loop if the ``condition`` is true.</doc>
<arguments>
<arg>' ${output}[0]'=='PASS'</arg>
</arguments>
<status status="PASS" starttime="20210127 17:25:40.259" endtime="20210127 17:25:40.260"></status>
</kw>
<status status="PASS" starttime="20210127 17:25:37.376" endtime="20210127 17:25:40.260"></status>
</kw>
<kw name="${i} = 4" type="foritem">
<kw name="Run Keyword And Ignore Error" library="BuiltIn">
<doc>Runs the given keyword with the given arguments and ignores possible error.</doc>
<arguments>
<arg>Click Element</arg>
<arg>//*[contains(@text,"Cadbury Five Star Chocolate 19.5 g")]</arg>
</arguments>
<assign>
<var>${output}</var>
</assign>
<kw name="Click Element" library="AppiumLibrary">
<doc>Click element identified by `locator`.</doc>
<arguments>
<arg>//*[contains(@text,"Cadbury Five Star Chocolate 19.5 g")]</arg>
</arguments>
<msg timestamp="20210127 17:25:40.263" level="INFO">Clicking element '//*[contains(@text,"Cadbury Five Star Chocolate 19.5 g")]'.</msg>
<status status="PASS" starttime="20210127 17:25:40.262" endtime="20210127 17:25:40.919"></status>
</kw>
<msg timestamp="20210127 17:25:40.919" level="INFO">${output} = ('PASS', None)</msg>
<status status="PASS" starttime="20210127 17:25:40.261" endtime="20210127 17:25:40.919"></status>
</kw>
<kw name="Swipe By Percent" library="AppiumLibrary">
<doc>Swipe from one percent of the screen to another percent, for an optional duration.
Normal swipe fails to scale for different screen resolutions, this can be avoided using percent.</doc>
<arguments>
<arg>50</arg>
<arg>75</arg>
<arg>50</arg>
<arg>25</arg>
<arg>1000</arg>
</arguments>
<status status="PASS" starttime="20210127 17:25:40.920" endtime="20210127 17:25:42.311"></status>
</kw>
<kw name="Exit For Loop If" library="BuiltIn">
<doc>Stops executing the enclosing for loop if the ``condition`` is true.</doc>
<arguments>
<arg>' ${output}[0]'=='PASS'</arg>
</arguments>
<status status="PASS" starttime="20210127 17:25:42.311" endtime="20210127 17:25:42.312"></status>
</kw>
<status status="PASS" starttime="20210127 17:25:40.261" endtime="20210127 17:25:42.313"></status>
</kw>
<kw name="${i} = 5" type="foritem">
<kw name="Run Keyword And Ignore Error" library="BuiltIn">
<doc>Runs the given keyword with the given arguments and ignores possible error.</doc>
<arguments>
<arg>Click Element</arg>
<arg>//*[contains(@text,"Cadbury Five Star Chocolate 19.5 g")]</arg>
</arguments>
<assign>
<var>${output}</var>
</assign>
<kw name="Click Element" library="AppiumLibrary">
<doc>Click element identified by `locator`.</doc>
<arguments>
<arg>//*[contains(@text,"Cadbury Five Star Chocolate 19.5 g")]</arg>
</arguments>
<msg timestamp="20210127 17:25:42.315" level="INFO">Clicking element '//*[contains(@text,"Cadbury Five Star Chocolate 19.5 g")]'.</msg>
<status status="PASS" starttime="20210127 17:25:42.314" endtime="20210127 17:25:43.994"></status>
</kw>
<msg timestamp="20210127 17:25:43.994" level="INFO">${output} = ('PASS', None)</msg>
<status status="PASS" starttime="20210127 17:25:42.313" endtime="20210127 17:25:43.994"></status>
</kw>
<kw name="Swipe By Percent" library="AppiumLibrary">
<doc>Swipe from one percent of the screen to another percent, for an optional duration.
Normal swipe fails to scale for different screen resolutions, this can be avoided using percent.</doc>
<arguments>
<arg>50</arg>
<arg>75</arg>
<arg>50</arg>
<arg>25</arg>
<arg>1000</arg>
</arguments>
<status status="PASS" starttime="20210127 17:25:43.995" endtime="20210127 17:25:45.321"></status>
</kw>
<kw name="Exit For Loop If" library="BuiltIn">
<doc>Stops executing the enclosing for loop if the ``condition`` is true.</doc>
<arguments>
<arg>' ${output}[0]'=='PASS'</arg>
</arguments>
<status status="PASS" starttime="20210127 17:25:45.322" endtime="20210127 17:25:45.323"></status>
</kw>
<status status="PASS" starttime="20210127 17:25:42.313" endtime="20210127 17:25:45.323"></status>
</kw>
<kw name="${i} = 6" type="foritem">
<kw name="Run Keyword And Ignore Error" library="BuiltIn">
<doc>Runs the given keyword with the given arguments and ignores possible error.</doc>
<arguments>
<arg>Click Element</arg>
<arg>//*[contains(@text,"Cadbury Five Star Chocolate 19.5 g")]</arg>
</arguments>
<assign>
<var>${output}</var>
</assign>
<kw name="Click Element" library="AppiumLibrary">
<doc>Click element identified by `locator`.</doc>
<arguments>
<arg>//*[contains(@text,"Cadbury Five Star Chocolate 19.5 g")]</arg>
</arguments>
<msg timestamp="20210127 17:25:45.325" level="INFO">Clicking element '//*[contains(@text,"Cadbury Five Star Chocolate 19.5 g")]'.</msg>
<status status="PASS" starttime="20210127 17:25:45.324" endtime="20210127 17:25:46.175"></status>
</kw>
<msg timestamp="20210127 17:25:46.175" level="INFO">${output} = ('PASS', None)</msg>
<status status="PASS" starttime="20210127 17:25:45.324" endtime="20210127 17:25:46.175"></status>
</kw>
<kw name="Swipe By Percent" library="AppiumLibrary">
<doc>Swipe from one percent of the screen to another percent, for an optional duration.
Normal swipe fails to scale for different screen resolutions, this can be avoided using percent.</doc>
<arguments>
<arg>50</arg>
<arg>75</arg>
<arg>50</arg>
<arg>25</arg>
<arg>1000</arg>
</arguments>
<status status="PASS" starttime="20210127 17:25:46.176" endtime="20210127 17:25:47.511"></status>
</kw>
<kw name="Exit For Loop If" library="BuiltIn">
<doc>Stops executing the enclosing for loop if the ``condition`` is true.</doc>
<arguments>
<arg>' ${output}[0]'=='PASS'</arg>
</arguments>
<status status="PASS" starttime="20210127 17:25:47.511" endtime="20210127 17:25:47.512"></status>
</kw>
<status status="PASS" starttime="20210127 17:25:45.323" endtime="20210127 17:25:47.513"></status>
</kw>
<status status="PASS" starttime="20210127 17:25:28.487" endtime="20210127 17:25:47.513"></status>
</kw>
<kw name="Wait Until Page Contains Element" library="AppiumLibrary">
<doc>Waits until element specified with `locator` appears on current page.</doc>
<arguments>
<arg>//*[@text="Add to Cart"]</arg>
</arguments>
<status status="PASS" starttime="20210127 17:25:47.513" endtime="20210127 17:25:48.500"></status>
</kw>
<kw name="Click Element" library="AppiumLibrary">
<doc>Click element identified by `locator`.</doc>
<arguments>
<arg>//*[@text="Add to Cart"]</arg>
</arguments>
<msg timestamp="20210127 17:25:48.503" level="INFO">Clicking element '//*[@text="Add to Cart"]'.</msg>
<status status="PASS" starttime="20210127 17:25:48.501" endtime="20210127 17:25:48.988"></status>
</kw>
<kw name="Wait Until Page Contains Element" library="AppiumLibrary">
<doc>Waits until element specified with `locator` appears on current page.</doc>
<arguments>
<arg>//*[@text="VIEW CART"]</arg>
</arguments>
<status status="PASS" starttime="20210127 17:25:48.989" endtime="20210127 17:25:51.566"></status>
</kw>
<kw name="Click Element" library="AppiumLibrary">
<doc>Click element identified by `locator`.</doc>
<arguments>
<arg>//*[@text="VIEW CART"]</arg>
</arguments>
<msg timestamp="20210127 17:25:51.568" level="INFO">Clicking element '//*[@text="VIEW CART"]'.</msg>
<status status="PASS" starttime="20210127 17:25:51.566" endtime="20210127 17:25:52.167"></status>
</kw>
<kw name="Sleep" library="BuiltIn">
<doc>Pauses the test executed for the given time.</doc>
<arguments>
<arg>10s</arg>
</arguments>
<msg timestamp="20210127 17:26:02.170" level="INFO">Slept 10 seconds</msg>
<status status="PASS" starttime="20210127 17:25:52.167" endtime="20210127 17:26:02.170"></status>
</kw>
<kw name="Tap" library="AppiumLibrary">
<doc>Tap element identified by ``locator``.</doc>
<arguments>
<arg>//*</arg>
<arg>758</arg>
<arg>1004</arg>
<arg>5</arg>
</arguments>
<status status="PASS" starttime="20210127 17:26:02.171" endtime="20210127 17:26:05.291"></status>
</kw>
<status status="PASS" starttime="20210127 17:24:54.296" endtime="20210127 17:26:05.292" critical="yes"></status>
</test>
<status status="PASS" starttime="20210127 17:24:54.063" endtime="20210127 17:26:05.293"></status>
</suite>
<status status="PASS" starttime="20210127 17:24:54.019" endtime="20210127 17:26:05.296"></status>
</suite>
<statistics>
<total>
<stat pass="1" fail="0">Critical Tests</stat>
<stat pass="1" fail="0">All Tests</stat>
</total>
<tag>
</tag>
<suite>
<stat pass="1" fail="0" id="s1" name="Jio">Jio</stat>
<stat pass="1" fail="0" id="s1-s1" name="Jio">Jio.Jio</stat>
</suite>
</statistics>
<errors>
</errors>
</robot>
